<?xml version="1.0" encoding="UTF-8"?>
<testsuite xmlns:xsi="http://www.w3.org/2001/XMLSchema-instance" xsi:noNamespaceSchemaLocation="https://maven.apache.org/surefire/maven-surefire-plugin/xsd/surefire-test-report-3.0.xsd" version="3.0" name="TestSuite" time="16.851" tests="13" errors="0" skipped="0" failures="5">
  <properties>
[...]
</properties>
  <testcase name="checkContentLength" classname="testcases.TC001_Get_All_Employee" time="0.015">
    <failure message="expected [true] but found [false]" type="java.lang.AssertionError"><![CDATA[java.lang.AssertionError: expected [true] but found [false]
	at testcases.TC001_Get_All_Employee.checkContentLength(TC001_Get_All_Employee.java:94)
]]></failure>
    <system-err><![CDATA[SLF4J: Failed to load class "org.slf4j.impl.StaticLoggerBinder".
SLF4J: Defaulting to no-operation (NOP) logger implementation
SLF4J: See http://www.slf4j.org/codes.html#StaticLoggerBinder for further details.
]]></system-err>
  </testcase>
  <testcase name="checkContentType" classname="testcases.TC001_Get_All_Employee" time="0.002"/>
  <testcase name="checkContetEncoding" classname="testcases.TC001_Get_All_Employee" time="0.002"/>
  <testcase name="checkResponseBody" classname="testcases.TC001_Get_All_Employee" time="0.028"/>
  <testcase name="checkResponseTime" classname="testcases.TC001_Get_All_Employee" time="0">
    <failure message="expected [true] but found [false]" type="java.lang.AssertionError"><![CDATA[java.lang.AssertionError: expected [true] but found [false]
	at testcases.TC001_Get_All_Employee.checkResponseTime(TC001_Get_All_Employee.java:54)
]]></failure>
  </testcase>
  <testcase name="checkServerType" classname="testcases.TC001_Get_All_Employee" time="0"/>
  <testcase name="checkStatusCode" classname="testcases.TC001_Get_All_Employee" time="0"/>
  <testcase name="checkStatusLine" classname="testcases.TC001_Get_All_Employee" time="0"/>
  <testcase name="createUser" classname="testcases.TC002_Post_Request" time="1.89">
    <system-out><![CDATA[201
atul
manager
application/json; charset=utf-8
cloudflare
Date : Sun, 10 Oct 2021 09:53:18 GMT
Content-Type : application/json; charset=utf-8
Content-Length : 80
Connection : keep-alive
x-powered-by : Express
access-control-allow-origin : *
etag : W/"50-5BND8m0gVsE0gvpxbWsc5pUOt8U"
via : 1.1 vegur
CF-Cache-Status : DYNAMIC
Expect-CT : max-age=604800, report-uri="https://report-uri.cloudflare.com/cdn-cgi/beacon/expect-ct"
Report-To : {"endpoints":[{"url":"https:\/\/a.nel.cloudflare.com\/report\/v3?s=P00dQntGmeYAocmdSUxQQv%2FnhPEZnJNW3H63sf49%2F%2FWm8yhLO0swltxVzCgHc8rdNnm1CtT%2B1btVl7xFJ0qDj9EEsL%2B7IAJHlFhloEsT3bnT5zede4WekThfd6Y%3D"}],"group":"cf-nel","max_age":604800}
NEL : {"success_fraction":0,"report_to":"cf-nel","max_age":604800}
Server : cloudflare
CF-RAY : 69bef5f9093b698d-BOM
alt-svc : h3=":443"; ma=86400, h3-29=":443"; ma=86400, h3-28=":443"; ma=86400, h3-27=":443"; ma=86400
{"name":"atul","job":"manager","id":"78","createdAt":"2021-10-10T09:53:18.507Z"}
]]></system-out>
  </testcase>
  <testcase name="createUsers[atul, 35000, 23](1)" classname="testcases.TC003_Data_Driven" time="1.333">
    <system-out><![CDATA[E:\eclipse\RestAssuredAPITesting_Hybrid_Framework_TDD\src\main\resources\test_data.xlsx
{"status":"success","data":{"name":"atul","salary":"35000","age":"23","id":3921},"message":"Successfully! Record has been added."}
200
]]></system-out>
  </testcase>
  <testcase name="createUsers[sachin, 49000, 24](2)" classname="testcases.TC003_Data_Driven" time="1.318">
    <failure message="expected:&lt;200&gt; but was:&lt;429&gt;" type="java.lang.AssertionError"><![CDATA[java.lang.AssertionError: expected:<200> but was:<429>
	at testcases.TC003_Data_Driven.createUsers(TC003_Data_Driven.java:54)
]]></failure>
    <system-out><![CDATA[<!DOCTYPE html>
<html lang="en">
    <head>
        <meta charset="utf-8">
        <meta name="viewport" content="width=device-width, initial-scale=1">

        <title>Too Many Requests</title>

        <!-- Fonts -->
        <link rel="dns-prefetch" href="//fonts.gstatic.com">
        <link href="https://fonts.googleapis.com/css?family=Nunito" rel="stylesheet">

        <!-- Styles -->
        <style>
            html, body {
                background-color: #fff;
                color: #636b6f;
                font-family: 'Nunito', sans-serif;
                font-weight: 100;
                height: 100vh;
                margin: 0;
            }

            .full-height {
                height: 100vh;
            }

            .flex-center {
                align-items: center;
                display: flex;
                justify-content: center;
            }

            .position-ref {
                position: relative;
            }

            .code {
                border-right: 2px solid;
                font-size: 26px;
                padding: 0 15px 0 15px;
                text-align: center;
            }

            .message {
                font-size: 18px;
                text-align: center;
            }
        </style>
    </head>
    <body>
        <div class="flex-center position-ref full-height">
            <div class="code">
                429            </div>

            <div class="message" style="padding: 10px;">
                Too Many Requests            </div>
        </div>
    </body>
</html>

429
]]></system-out>
  </testcase>
  <testcase name="createUsers[nitin, 50000, 36](3)" classname="testcases.TC003_Data_Driven" time="1.246">
    <failure message="expected:&lt;200&gt; but was:&lt;429&gt;" type="java.lang.AssertionError"><![CDATA[java.lang.AssertionError: expected:<200> but was:<429>
	at testcases.TC003_Data_Driven.createUsers(TC003_Data_Driven.java:54)
]]></failure>
    <system-out><![CDATA[<!DOCTYPE html>
<html lang="en">
    <head>
        <meta charset="utf-8">
        <meta name="viewport" content="width=device-width, initial-scale=1">

        <title>Too Many Requests</title>

        <!-- Fonts -->
        <link rel="dns-prefetch" href="//fonts.gstatic.com">
        <link href="https://fonts.googleapis.com/css?family=Nunito" rel="stylesheet">

        <!-- Styles -->
        <style>
            html, body {
                background-color: #fff;
                color: #636b6f;
                font-family: 'Nunito', sans-serif;
                font-weight: 100;
                height: 100vh;
                margin: 0;
            }

            .full-height {
                height: 100vh;
            }

            .flex-center {
                align-items: center;
                display: flex;
                justify-content: center;
            }

            .position-ref {
                position: relative;
            }

            .code {
                border-right: 2px solid;
                font-size: 26px;
                padding: 0 15px 0 15px;
                text-align: center;
            }

            .message {
                font-size: 18px;
                text-align: center;
            }
        </style>
    </head>
    <body>
        <div class="flex-center position-ref full-height">
            <div class="code">
                429            </div>

            <div class="message" style="padding: 10px;">
                Too Many Requests            </div>
        </div>
    </body>
</html>

429
]]></system-out>
  </testcase>
  <testcase name="createUsers[ganesh, 60000, 45](4)" classname="testcases.TC003_Data_Driven" time="1.282">
    <failure message="expected:&lt;200&gt; but was:&lt;429&gt;" type="java.lang.AssertionError"><![CDATA[java.lang.AssertionError: expected:<200> but was:<429>
	at testcases.TC003_Data_Driven.createUsers(TC003_Data_Driven.java:54)
]]></failure>
    <system-out><![CDATA[<!DOCTYPE html>
<html lang="en">
    <head>
        <meta charset="utf-8">
        <meta name="viewport" content="width=device-width, initial-scale=1">

        <title>Too Many Requests</title>

        <!-- Fonts -->
        <link rel="dns-prefetch" href="//fonts.gstatic.com">
        <link href="https://fonts.googleapis.com/css?family=Nunito" rel="stylesheet">

        <!-- Styles -->
        <style>
            html, body {
                background-color: #fff;
                color: #636b6f;
                font-family: 'Nunito', sans-serif;
                font-weight: 100;
                height: 100vh;
                margin: 0;
            }

            .full-height {
                height: 100vh;
            }

            .flex-center {
                align-items: center;
                display: flex;
                justify-content: center;
            }

            .position-ref {
                position: relative;
            }

            .code {
                border-right: 2px solid;
                font-size: 26px;
                padding: 0 15px 0 15px;
                text-align: center;
            }

            .message {
                font-size: 18px;
                text-align: center;
            }
        </style>
    </head>
    <body>
        <div class="flex-center position-ref full-height">
            <div class="code">
                429            </div>

            <div class="message" style="padding: 10px;">
                Too Many Requests            </div>
        </div>
    </body>
</html>

429
]]></system-out>
  </testcase>
</testsuite>